<?xml version="1.0" encoding="UTF-8"?>
<testng-results ignored="0" total="2" passed="2" failed="0" skipped="0">
  <reporter-output>
  </reporter-output>
  <suite started-at="2023-08-07T07:17:45 IST" name="Default suite" finished-at="2023-08-07T07:17:45 IST" duration-ms="60">
    <groups>
    </groups>
    <test started-at="2023-08-07T07:17:45 IST" name="Default test" finished-at="2023-08-07T07:17:45 IST" duration-ms="60">
      <class name="org.sample.Sample_DataP1">
        <test-method signature="test1(java.lang.String,java.lang.String)[pri:0, instance:org.sample.Sample_DataP1@2e3967ea]" started-at="2023-08-07T07:17:45 IST" name="test1" data-provider="PassingData" finished-at="2023-08-07T07:17:45 IST" duration-ms="10" status="PASS">
          <params>
            <param index="0">
              <value>
                <![CDATA[Username1]]>
              </value>
            </param>
            <param index="1">
              <value>
                <![CDATA[Password1]]>
              </value>
            </param>
          </params>
          <reporter-output>
          </reporter-output>
        </test-method> <!-- test1 -->
        <test-method signature="test1(java.lang.String,java.lang.String)[pri:0, instance:org.sample.Sample_DataP1@2e3967ea]" started-at="2023-08-07T07:17:45 IST" name="test1" data-provider="PassingData" finished-at="2023-08-07T07:17:45 IST" duration-ms="1" status="PASS">
          <params>
            <param index="0">
              <value>
                <![CDATA[Usename2]]>
              </value>
            </param>
            <param index="1">
              <value>
                <![CDATA[password2]]>
              </value>
            </param>
          </params>
          <reporter-output>
          </reporter-output>
        </test-method> <!-- test1 -->
      </class> <!-- org.sample.Sample_DataP1 -->
    </test> <!-- Default test -->
  </suite> <!-- Default suite -->
</testng-results>
